<?xml version="1.0" encoding="UTF-8"?>
<testng-results ignored="0" total="13" passed="13" failed="0" skipped="0">
  <reporter-output>
    <line>
      <![CDATA[Opening demoblaze through google browser]]>
    </line>
    <line>
      <![CDATA[Opening demoblaze through google browser]]>
    </line>
    <line>
      <![CDATA[Selecting samsung galaxy s6]]>
    </line>
    <line>
      <![CDATA[Adding samsung galaxy to cart]]>
    </line>
    <line>
      <![CDATA[Alert message: Product added]]>
    </line>
    <line>
      <![CDATA[Confirmation displayed and cliced on ok]]>
    </line>
    <line>
      <![CDATA[Viewing the added item in the cart]]>
    </line>
    <line>
      <![CDATA[Opening demoblaze through google browser]]>
    </line>
    <line>
      <![CDATA[Alert message: Product added]]>
    </line>
    <line>
      <![CDATA[Item added to cart]]>
    </line>
    <line>
      <![CDATA[Viewing the added item in the cart]]>
    </line>
    <line>
      <![CDATA[Placing order for the item added in the cart]]>
    </line>
    <line>
      <![CDATA[Filling up the details for order confirmation]]>
    </line>
    <line>
      <![CDATA[Item purchased]]>
    </line>
  </reporter-output>
  <suite started-at="2024-09-20T14:15:46 IST" name="Suite" finished-at="2024-09-20T14:16:55 IST" duration-ms="68950">
    <groups>
      <group name="cucumber">
        <method signature="AbstractTestNGCucumberTests.runScenario(io.cucumber.testng.PickleWrapper,io.cucumber.testng.FeatureWrapper)[pri:0, instance:runner.AdditemRunner@4c178a76]" name="runScenario" class="io.cucumber.testng.AbstractTestNGCucumberTests"/>
        <method signature="AbstractTestNGCucumberTests.runScenario(io.cucumber.testng.PickleWrapper,io.cucumber.testng.FeatureWrapper)[pri:0, instance:runner.GreetingRunner@b2c9a9c]" name="runScenario" class="io.cucumber.testng.AbstractTestNGCucumberTests"/>
        <method signature="AbstractTestNGCucumberTests.runScenario(io.cucumber.testng.PickleWrapper,io.cucumber.testng.FeatureWrapper)[pri:0, instance:runner.LoginRunner@2362f559]" name="runScenario" class="io.cucumber.testng.AbstractTestNGCucumberTests"/>
        <method signature="AbstractTestNGCucumberTests.runScenario(io.cucumber.testng.PickleWrapper,io.cucumber.testng.FeatureWrapper)[pri:0, instance:runner.OpenUrlRunner@1ff4931d]" name="runScenario" class="io.cucumber.testng.AbstractTestNGCucumberTests"/>
        <method signature="AbstractTestNGCucumberTests.runScenario(io.cucumber.testng.PickleWrapper,io.cucumber.testng.FeatureWrapper)[pri:0, instance:runner.PurchaseitemRunner@fa4c865]" name="runScenario" class="io.cucumber.testng.AbstractTestNGCucumberTests"/>
        <method signature="AbstractTestNGCucumberTests.runScenario(io.cucumber.testng.PickleWrapper,io.cucumber.testng.FeatureWrapper)[pri:0, instance:runner.SignupRunner@8297b3a]" name="runScenario" class="io.cucumber.testng.AbstractTestNGCucumberTests"/>
      </group> <!-- cucumber -->
    </groups>
    <test started-at="2024-09-20T14:15:46 IST" name="Test" finished-at="2024-09-20T14:16:55 IST" duration-ms="68950">
      <class name="runner.SignupRunner">
        <test-method is-config="true" signature="setUpClass(org.testng.ITestContext)[pri:0, instance:runner.SignupRunner@8297b3a]" started-at="2024-09-20T14:15:54 IST" name="setUpClass" finished-at="2024-09-20T14:15:54 IST" duration-ms="38" status="PASS">
          <params>
            <param index="0">
              <value>
                <![CDATA[org.testng.TestRunner@1d2fb82]]>
              </value>
            </param>
          </params>
          <reporter-output>
          </reporter-output>
        </test-method> <!-- setUpClass -->
        <test-method signature="runScenario(io.cucumber.testng.PickleWrapper,io.cucumber.testng.FeatureWrapper)[pri:0, instance:runner.SignupRunner@8297b3a]" started-at="2024-09-20T14:15:54 IST" name="runScenario" description="Runs Cucumber Scenarios" data-provider="scenarios" finished-at="2024-09-20T14:15:59 IST" duration-ms="5114" status="PASS">
          <params>
            <param index="0">
              <value>
                <![CDATA["User signs up successfully"]]>
              </value>
            </param>
            <param index="1">
              <value>
                <![CDATA["Signup on DemoBlaze"]]>
              </value>
            </param>
          </params>
          <reporter-output>
          </reporter-output>
        </test-method> <!-- runScenario -->
        <test-method signature="runScenario(io.cucumber.testng.PickleWrapper,io.cucumber.testng.FeatureWrapper)[pri:0, instance:runner.SignupRunner@8297b3a]" started-at="2024-09-20T14:15:59 IST" name="runScenario" description="Runs Cucumber Scenarios" data-provider="scenarios" finished-at="2024-09-20T14:15:59 IST" duration-ms="15" status="PASS">
          <params>
            <param index="0">
              <value>
                <![CDATA["Existing user exits"]]>
              </value>
            </param>
            <param index="1">
              <value>
                <![CDATA["Signup on DemoBlaze"]]>
              </value>
            </param>
          </params>
          <reporter-output>
          </reporter-output>
        </test-method> <!-- runScenario -->
        <test-method signature="runScenario(io.cucumber.testng.PickleWrapper,io.cucumber.testng.FeatureWrapper)[pri:0, instance:runner.SignupRunner@8297b3a]" started-at="2024-09-20T14:15:59 IST" name="runScenario" description="Runs Cucumber Scenarios" data-provider="scenarios" finished-at="2024-09-20T14:16:05 IST" duration-ms="5654" status="PASS">
          <params>
            <param index="0">
              <value>
                <![CDATA["Existing user exits"]]>
              </value>
            </param>
            <param index="1">
              <value>
                <![CDATA["Signup on DemoBlaze"]]>
              </value>
            </param>
          </params>
          <reporter-output>
          </reporter-output>
        </test-method> <!-- runScenario -->
        <test-method signature="runScenario(io.cucumber.testng.PickleWrapper,io.cucumber.testng.FeatureWrapper)[pri:0, instance:runner.SignupRunner@8297b3a]" started-at="2024-09-20T14:16:05 IST" name="runScenario" description="Runs Cucumber Scenarios" data-provider="scenarios" finished-at="2024-09-20T14:16:09 IST" duration-ms="4578" status="PASS">
          <params>
            <param index="0">
              <value>
                <![CDATA["Existing user exits"]]>
              </value>
            </param>
            <param index="1">
              <value>
                <![CDATA["Signup on DemoBlaze"]]>
              </value>
            </param>
          </params>
          <reporter-output>
          </reporter-output>
        </test-method> <!-- runScenario -->
        <test-method signature="runScenario(io.cucumber.testng.PickleWrapper,io.cucumber.testng.FeatureWrapper)[pri:0, instance:runner.SignupRunner@8297b3a]" started-at="2024-09-20T14:16:09 IST" name="runScenario" description="Runs Cucumber Scenarios" data-provider="scenarios" finished-at="2024-09-20T14:16:15 IST" duration-ms="5274" status="PASS">
          <params>
            <param index="0">
              <value>
                <![CDATA["Existing user exits"]]>
              </value>
            </param>
            <param index="1">
              <value>
                <![CDATA["Signup on DemoBlaze"]]>
              </value>
            </param>
          </params>
          <reporter-output>
          </reporter-output>
        </test-method> <!-- runScenario -->
        <test-method is-config="true" signature="tearDownClass()[pri:0, instance:runner.SignupRunner@8297b3a]" started-at="2024-09-20T14:16:15 IST" name="tearDownClass" finished-at="2024-09-20T14:16:15 IST" duration-ms="27" status="PASS">
          <reporter-output>
          </reporter-output>
        </test-method> <!-- tearDownClass -->
      </class> <!-- runner.SignupRunner -->
      <class name="runner.PurchaseitemRunner">
        <test-method is-config="true" signature="setUpClass(org.testng.ITestContext)[pri:0, instance:runner.PurchaseitemRunner@fa4c865]" started-at="2024-09-20T14:16:47 IST" name="setUpClass" finished-at="2024-09-20T14:16:47 IST" duration-ms="22" status="PASS">
          <params>
            <param index="0">
              <value>
                <![CDATA[org.testng.TestRunner@1d2fb82]]>
              </value>
            </param>
          </params>
          <reporter-output>
          </reporter-output>
        </test-method> <!-- setUpClass -->
        <test-method signature="runScenario(io.cucumber.testng.PickleWrapper,io.cucumber.testng.FeatureWrapper)[pri:0, instance:runner.PurchaseitemRunner@fa4c865]" started-at="2024-09-20T14:16:47 IST" name="runScenario" description="Runs Cucumber Scenarios" data-provider="scenarios" finished-at="2024-09-20T14:16:55 IST" duration-ms="8083" status="PASS">
          <params>
            <param index="0">
              <value>
                <![CDATA["Purchase item"]]>
              </value>
            </param>
            <param index="1">
              <value>
                <![CDATA["Purchase item from cart which was added"]]>
              </value>
            </param>
          </params>
          <reporter-output>
            <line>
              <![CDATA[Opening demoblaze through google browser]]>
            </line>
            <line>
              <![CDATA[Alert message: Product added]]>
            </line>
            <line>
              <![CDATA[Item added to cart]]>
            </line>
            <line>
              <![CDATA[Viewing the added item in the cart]]>
            </line>
            <line>
              <![CDATA[Placing order for the item added in the cart]]>
            </line>
            <line>
              <![CDATA[Filling up the details for order confirmation]]>
            </line>
            <line>
              <![CDATA[Item purchased]]>
            </line>
          </reporter-output>
        </test-method> <!-- runScenario -->
        <test-method is-config="true" signature="tearDownClass()[pri:0, instance:runner.PurchaseitemRunner@fa4c865]" started-at="2024-09-20T14:16:55 IST" name="tearDownClass" finished-at="2024-09-20T14:16:55 IST" duration-ms="15" status="PASS">
          <reporter-output>
          </reporter-output>
        </test-method> <!-- tearDownClass -->
      </class> <!-- runner.PurchaseitemRunner -->
      <class name="runner.LoginRunner">
        <test-method is-config="true" signature="setUpClass(org.testng.ITestContext)[pri:0, instance:runner.LoginRunner@2362f559]" started-at="2024-09-20T14:16:15 IST" name="setUpClass" finished-at="2024-09-20T14:16:15 IST" duration-ms="32" status="PASS">
          <params>
            <param index="0">
              <value>
                <![CDATA[org.testng.TestRunner@1d2fb82]]>
              </value>
            </param>
          </params>
          <reporter-output>
          </reporter-output>
        </test-method> <!-- setUpClass -->
        <test-method signature="runScenario(io.cucumber.testng.PickleWrapper,io.cucumber.testng.FeatureWrapper)[pri:0, instance:runner.LoginRunner@2362f559]" started-at="2024-09-20T14:16:15 IST" name="runScenario" description="Runs Cucumber Scenarios" data-provider="scenarios" finished-at="2024-09-20T14:16:15 IST" duration-ms="17" status="PASS">
          <params>
            <param index="0">
              <value>
                <![CDATA["User logs into the page with correct username and password"]]>
              </value>
            </param>
            <param index="1">
              <value>
                <![CDATA["To verify  that the user enters the valid user name"]]>
              </value>
            </param>
          </params>
          <reporter-output>
          </reporter-output>
        </test-method> <!-- runScenario -->
        <test-method signature="runScenario(io.cucumber.testng.PickleWrapper,io.cucumber.testng.FeatureWrapper)[pri:0, instance:runner.LoginRunner@2362f559]" started-at="2024-09-20T14:16:15 IST" name="runScenario" description="Runs Cucumber Scenarios" data-provider="scenarios" finished-at="2024-09-20T14:16:19 IST" duration-ms="4121" status="PASS">
          <params>
            <param index="0">
              <value>
                <![CDATA["Verify error message when logged in with invalid credentials"]]>
              </value>
            </param>
            <param index="1">
              <value>
                <![CDATA["To verify  that the user enters the valid user name"]]>
              </value>
            </param>
          </params>
          <reporter-output>
          </reporter-output>
        </test-method> <!-- runScenario -->
        <test-method signature="runScenario(io.cucumber.testng.PickleWrapper,io.cucumber.testng.FeatureWrapper)[pri:0, instance:runner.LoginRunner@2362f559]" started-at="2024-09-20T14:16:19 IST" name="runScenario" description="Runs Cucumber Scenarios" data-provider="scenarios" finished-at="2024-09-20T14:16:27 IST" duration-ms="7913" status="PASS">
          <params>
            <param index="0">
              <value>
                <![CDATA["User enter wrong password"]]>
              </value>
            </param>
            <param index="1">
              <value>
                <![CDATA["To verify  that the user enters the valid user name"]]>
              </value>
            </param>
          </params>
          <reporter-output>
          </reporter-output>
        </test-method> <!-- runScenario -->
        <test-method signature="runScenario(io.cucumber.testng.PickleWrapper,io.cucumber.testng.FeatureWrapper)[pri:0, instance:runner.LoginRunner@2362f559]" started-at="2024-09-20T14:16:27 IST" name="runScenario" description="Runs Cucumber Scenarios" data-provider="scenarios" finished-at="2024-09-20T14:16:34 IST" duration-ms="6937" status="PASS">
          <params>
            <param index="0">
              <value>
                <![CDATA["User enter wrong password"]]>
              </value>
            </param>
            <param index="1">
              <value>
                <![CDATA["To verify  that the user enters the valid user name"]]>
              </value>
            </param>
          </params>
          <reporter-output>
          </reporter-output>
        </test-method> <!-- runScenario -->
        <test-method is-config="true" signature="tearDownClass()[pri:0, instance:runner.LoginRunner@2362f559]" started-at="2024-09-20T14:16:34 IST" name="tearDownClass" finished-at="2024-09-20T14:16:34 IST" duration-ms="12" status="PASS">
          <reporter-output>
          </reporter-output>
        </test-method> <!-- tearDownClass -->
      </class> <!-- runner.LoginRunner -->
      <class name="runner.GreetingRunner">
        <test-method is-config="true" signature="setUpClass(org.testng.ITestContext)[pri:0, instance:runner.GreetingRunner@b2c9a9c]" started-at="2024-09-20T14:16:34 IST" name="setUpClass" finished-at="2024-09-20T14:16:34 IST" duration-ms="15" status="PASS">
          <params>
            <param index="0">
              <value>
                <![CDATA[org.testng.TestRunner@1d2fb82]]>
              </value>
            </param>
          </params>
          <reporter-output>
          </reporter-output>
        </test-method> <!-- setUpClass -->
        <test-method signature="runScenario(io.cucumber.testng.PickleWrapper,io.cucumber.testng.FeatureWrapper)[pri:0, instance:runner.GreetingRunner@b2c9a9c]" started-at="2024-09-20T14:16:34 IST" name="runScenario" description="Runs Cucumber Scenarios" data-provider="scenarios" finished-at="2024-09-20T14:16:41 IST" duration-ms="6696" status="PASS">
          <params>
            <param index="0">
              <value>
                <![CDATA["Title of your scenario"]]>
              </value>
            </param>
            <param index="1">
              <value>
                <![CDATA["To verify whether the site displays Greetings to the user."]]>
              </value>
            </param>
          </params>
          <reporter-output>
          </reporter-output>
        </test-method> <!-- runScenario -->
        <test-method is-config="true" signature="tearDownClass()[pri:0, instance:runner.GreetingRunner@b2c9a9c]" started-at="2024-09-20T14:16:41 IST" name="tearDownClass" finished-at="2024-09-20T14:16:41 IST" duration-ms="18" status="PASS">
          <reporter-output>
          </reporter-output>
        </test-method> <!-- tearDownClass -->
      </class> <!-- runner.GreetingRunner -->
      <class name="runner.OpenUrlRunner">
        <test-method is-config="true" signature="setUpClass(org.testng.ITestContext)[pri:0, instance:runner.OpenUrlRunner@1ff4931d]" started-at="2024-09-20T14:15:46 IST" name="setUpClass" finished-at="2024-09-20T14:15:47 IST" duration-ms="760" status="PASS">
          <params>
            <param index="0">
              <value>
                <![CDATA[org.testng.TestRunner@1d2fb82]]>
              </value>
            </param>
          </params>
          <reporter-output>
          </reporter-output>
        </test-method> <!-- setUpClass -->
        <test-method signature="runScenario(io.cucumber.testng.PickleWrapper,io.cucumber.testng.FeatureWrapper)[pri:0, instance:runner.OpenUrlRunner@1ff4931d]" started-at="2024-09-20T14:15:47 IST" name="runScenario" description="Runs Cucumber Scenarios" data-provider="scenarios" finished-at="2024-09-20T14:15:54 IST" duration-ms="6738" status="PASS">
          <params>
            <param index="0">
              <value>
                <![CDATA["To verify the URL for Demo_blaze on Google browser"]]>
              </value>
            </param>
            <param index="1">
              <value>
                <![CDATA["Verify demoblaze website through googble browser"]]>
              </value>
            </param>
          </params>
          <reporter-output>
            <line>
              <![CDATA[Opening demoblaze through google browser]]>
            </line>
          </reporter-output>
        </test-method> <!-- runScenario -->
        <test-method is-config="true" signature="tearDownClass()[pri:0, instance:runner.OpenUrlRunner@1ff4931d]" started-at="2024-09-20T14:15:54 IST" name="tearDownClass" finished-at="2024-09-20T14:15:54 IST" duration-ms="34" status="PASS">
          <reporter-output>
          </reporter-output>
        </test-method> <!-- tearDownClass -->
      </class> <!-- runner.OpenUrlRunner -->
      <class name="runner.AdditemRunner">
        <test-method is-config="true" signature="setUpClass(org.testng.ITestContext)[pri:0, instance:runner.AdditemRunner@4c178a76]" started-at="2024-09-20T14:16:41 IST" name="setUpClass" finished-at="2024-09-20T14:16:41 IST" duration-ms="18" status="PASS">
          <params>
            <param index="0">
              <value>
                <![CDATA[org.testng.TestRunner@1d2fb82]]>
              </value>
            </param>
          </params>
          <reporter-output>
          </reporter-output>
        </test-method> <!-- setUpClass -->
        <test-method signature="runScenario(io.cucumber.testng.PickleWrapper,io.cucumber.testng.FeatureWrapper)[pri:0, instance:runner.AdditemRunner@4c178a76]" started-at="2024-09-20T14:16:41 IST" name="runScenario" description="Runs Cucumber Scenarios" data-provider="scenarios" finished-at="2024-09-20T14:16:47 IST" duration-ms="6702" status="PASS">
          <params>
            <param index="0">
              <value>
                <![CDATA["Add an item into cart"]]>
              </value>
            </param>
            <param index="1">
              <value>
                <![CDATA["Verify an item is added to cart"]]>
              </value>
            </param>
          </params>
          <reporter-output>
            <line>
              <![CDATA[Opening demoblaze through google browser]]>
            </line>
            <line>
              <![CDATA[Selecting samsung galaxy s6]]>
            </line>
            <line>
              <![CDATA[Adding samsung galaxy to cart]]>
            </line>
            <line>
              <![CDATA[Alert message: Product added]]>
            </line>
            <line>
              <![CDATA[Confirmation displayed and cliced on ok]]>
            </line>
            <line>
              <![CDATA[Viewing the added item in the cart]]>
            </line>
          </reporter-output>
        </test-method> <!-- runScenario -->
        <test-method is-config="true" signature="tearDownClass()[pri:0, instance:runner.AdditemRunner@4c178a76]" started-at="2024-09-20T14:16:47 IST" name="tearDownClass" finished-at="2024-09-20T14:16:47 IST" duration-ms="17" status="PASS">
          <reporter-output>
          </reporter-output>
        </test-method> <!-- tearDownClass -->
      </class> <!-- runner.AdditemRunner -->
    </test> <!-- Test -->
  </suite> <!-- Suite -->
</testng-results>
